2020-11-19 10:34:15,755 [Worker-9: Creating maven-archetype-quickstart] INFO  o.e.m.c.i.p.ProjectConfigurationManager - Collecting project info '/pom.xml' /Users/memory/Documents/GitHub/E-commerce-USER/userService/pom.xml
2020-11-19 10:34:16,546 [Worker-9: Creating maven-archetype-quickstart] INFO  o.e.m.c.i.l.LifecycleMappingFactory - Using org.eclipse.m2e.jdt.JarLifecycleMapping lifecycle mapping for MavenProject: userServise:userService:0.0.1-SNAPSHOT @ /Users/memory/Documents/GitHub/E-commerce-USER/userService/pom.xml.
2020-11-19 10:34:16,739 [Worker-9: Creating maven-archetype-quickstart] INFO  o.e.m.j.i.AbstractJavaProjectConfigurator - Adding source folder /userService/src/main/java
2020-11-19 10:34:16,742 [Worker-9: Creating maven-archetype-quickstart] INFO  o.e.m.j.i.AbstractJavaProjectConfigurator - Adding source folder /userService/src/test/java
2020-11-19 10:34:17,871 [Worker-9: Creating maven-archetype-quickstart] INFO  o.e.m.c.i.p.ProjectConfigurationManager - Imported and configured 1 project(s) in 2 sec
2020-11-19 10:34:18,530 [Worker-9: Building] INFO  o.e.m.c.i.embedder.EclipseLogger - Using 'UTF-8' encoding to copy filtered resources.
2020-11-19 10:34:18,530 [Worker-9: Building] INFO  o.e.m.c.i.embedder.EclipseLogger - skip non existing resourceDirectory /Users/memory/Documents/GitHub/E-commerce-USER/userService/src/main/resources
2020-11-19 10:34:18,532 [Worker-9: Building] INFO  o.e.m.c.i.embedder.EclipseLogger - Using 'UTF-8' encoding to copy filtered resources.
2020-11-19 10:34:18,532 [Worker-9: Building] INFO  o.e.m.c.i.embedder.EclipseLogger - skip non existing resourceDirectory /Users/memory/Documents/GitHub/E-commerce-USER/userService/src/test/resources
2020-11-19 10:34:46,798 [Worker-13: Building] INFO  o.e.m.c.i.l.LifecycleMappingFactory - Using org.eclipse.m2e.jdt.JarLifecycleMapping lifecycle mapping for MavenProject: userServise:userService:0.0.1-SNAPSHOT @ /Users/memory/Documents/GitHub/E-commerce-USER/userService/pom.xml.
2020-11-19 10:36:07,513 [Worker-10: reload maven project] ERROR o.e.m2e.editor.pom.MavenPomEditor - failed to load maven project for org.eclipse.ui.part.FileEditorInput(/userService/pom.xml)
org.eclipse.core.runtime.CoreException: Could not read maven project
	at org.eclipse.m2e.core.internal.project.registry.ProjectRegistryManager.readProjectWithDependencies(ProjectRegistryManager.java:847) ~[na:na]
	at org.eclipse.m2e.core.internal.project.registry.ProjectRegistryManager.lambda$22(ProjectRegistryManager.java:1064) ~[na:na]
	at com.google.common.cache.LocalCache$LocalManualCache$1.load(LocalCache.java:4878) ~[na:na]
	at com.google.common.cache.LocalCache$LoadingValueReference.loadFuture(LocalCache.java:3529) ~[na:na]
	at com.google.common.cache.LocalCache$Segment.loadSync(LocalCache.java:2278) ~[na:na]
	at com.google.common.cache.LocalCache$Segment.lockedGetOrLoad(LocalCache.java:2155) ~[na:na]
	at com.google.common.cache.LocalCache$Segment.get(LocalCache.java:2045) ~[na:na]
	at com.google.common.cache.LocalCache.get(LocalCache.java:3953) ~[na:na]
	at com.google.common.cache.LocalCache$LocalManualCache.get(LocalCache.java:4873) ~[na:na]
	at org.eclipse.m2e.core.internal.project.registry.ProjectRegistryManager.getMavenProject(ProjectRegistryManager.java:1063) ~[na:na]
	at org.eclipse.m2e.core.internal.project.registry.MavenProjectFacade.getMavenProject(MavenProjectFacade.java:244) ~[na:na]
	at org.eclipse.m2e.core.ui.internal.actions.SelectionUtil.getMavenProject(SelectionUtil.java:261) ~[org.eclipse.m2e.core.ui_1.16.0.20200514-1409.jar:na]
	at org.eclipse.m2e.editor.pom.MavenPomEditor.readMavenProject(MavenPomEditor.java:634) ~[na:na]
	at org.eclipse.m2e.editor.pom.MavenPomEditor$3.run(MavenPomEditor.java:938) ~[na:na]
	at org.eclipse.core.internal.jobs.Worker.run(Worker.java:63) ~[org.eclipse.core.jobs_3.10.800.v20200421-0950.jar:na]
2020-11-19 10:36:09,304 [Worker-10: Building] INFO  o.e.m.c.i.e.AbstractTransferListenerAdapter - Downloading https://repo.maven.apache.org/maven2/org/springframework/boot/spring-boot-maven-plugin/maven-metadata.xml
2020-11-19 10:36:09,694 [Worker-10: Building] INFO  o.e.m.c.i.e.AbstractTransferListenerAdapter - Downloaded https://repo.maven.apache.org/maven2/org/springframework/boot/spring-boot-maven-plugin/maven-metadata.xml
2020-11-19 10:36:09,964 [Worker-10: Building] INFO  o.e.m.c.i.e.AbstractTransferListenerAdapter - Downloading https://repo.maven.apache.org/maven2/org/springframework/boot/spring-boot-maven-plugin/2.4.0/spring-boot-maven-plugin-2.4.0.pom
2020-11-19 10:36:10,140 [Worker-10: Building] INFO  o.e.m.c.i.e.AbstractTransferListenerAdapter - Downloaded https://repo.maven.apache.org/maven2/org/springframework/boot/spring-boot-maven-plugin/2.4.0/spring-boot-maven-plugin-2.4.0.pom
2020-11-19 10:36:10,356 [Worker-10: Building] INFO  o.e.m.c.i.e.AbstractTransferListenerAdapter - Downloading https://repo.maven.apache.org/maven2/org/springframework/boot/spring-boot-maven-plugin/2.4.0/spring-boot-maven-plugin-2.4.0.jar
2020-11-19 10:36:11,019 [Worker-10: Building] INFO  o.e.m.c.i.e.AbstractTransferListenerAdapter - Downloaded https://repo.maven.apache.org/maven2/org/springframework/boot/spring-boot-maven-plugin/2.4.0/spring-boot-maven-plugin-2.4.0.jar
2020-11-19 10:36:11,292 [Worker-10: Building] INFO  o.e.m.c.i.l.LifecycleMappingFactory - Using org.eclipse.m2e.jdt.JarLifecycleMapping lifecycle mapping for MavenProject: userServise:userService:0.0.1-SNAPSHOT @ /Users/memory/Documents/GitHub/E-commerce-USER/userService/pom.xml.
2020-11-19 10:36:36,825 [Worker-12: Building] INFO  o.e.m.c.i.l.LifecycleMappingFactory - Using org.eclipse.m2e.jdt.JarLifecycleMapping lifecycle mapping for MavenProject: userServise:userService:0.0.1-SNAPSHOT @ /Users/memory/Documents/GitHub/E-commerce-USER/userService/pom.xml.
2020-11-19 10:36:38,264 [Worker-9: reload maven project] INFO  o.e.m.c.i.e.AbstractTransferListenerAdapter - Downloading https://repo.maven.apache.org/maven2/org/hamcrest/hamcrest-core/2.2/hamcrest-core-2.2.pom
2020-11-19 10:36:38,421 [Worker-12: Building] INFO  o.e.m.c.i.e.AbstractTransferListenerAdapter - Downloading https://repo.maven.apache.org/maven2/org/hamcrest/hamcrest-core/2.2/hamcrest-core-2.2.pom
2020-11-19 10:36:38,722 [Worker-9: reload maven project] INFO  o.e.m.c.i.e.AbstractTransferListenerAdapter - Downloaded https://repo.maven.apache.org/maven2/org/hamcrest/hamcrest-core/2.2/hamcrest-core-2.2.pom
2020-11-19 10:36:38,879 [Worker-12: Building] INFO  o.e.m.c.i.e.AbstractTransferListenerAdapter - Downloaded https://repo.maven.apache.org/maven2/org/hamcrest/hamcrest-core/2.2/hamcrest-core-2.2.pom
2020-11-19 10:36:39,901 [AetherRepositoryConnector-repo.maven.apache.org-0-0] INFO  o.e.m.c.i.e.AbstractTransferListenerAdapter - Downloading https://repo.maven.apache.org/maven2/org/hamcrest/hamcrest-core/2.2/hamcrest-core-2.2.jar
2020-11-19 10:36:39,921 [AetherRepositoryConnector-repo.maven.apache.org-1-0] INFO  o.e.m.c.i.e.AbstractTransferListenerAdapter - Downloading https://repo.maven.apache.org/maven2/org/hamcrest/hamcrest-core/2.2/hamcrest-core-2.2.jar
2020-11-19 10:36:40,061 [AetherRepositoryConnector-repo.maven.apache.org-0-0] INFO  o.e.m.c.i.e.AbstractTransferListenerAdapter - Downloaded https://repo.maven.apache.org/maven2/org/hamcrest/hamcrest-core/2.2/hamcrest-core-2.2.jar
2020-11-19 10:36:40,087 [AetherRepositoryConnector-repo.maven.apache.org-1-0] INFO  o.e.m.c.i.e.AbstractTransferListenerAdapter - Downloaded https://repo.maven.apache.org/maven2/org/hamcrest/hamcrest-core/2.2/hamcrest-core-2.2.jar
2020-11-19 10:36:40,335 [Worker-12: Building] INFO  o.e.m.c.i.embedder.EclipseLogger - Using 'UTF-8' encoding to copy filtered resources.
2020-11-19 10:36:40,335 [Worker-12: Building] INFO  o.e.m.c.i.embedder.EclipseLogger - skip non existing resourceDirectory /Users/memory/Documents/GitHub/E-commerce-USER/userService/src/main/resources
2020-11-19 10:36:40,335 [Worker-12: Building] INFO  o.e.m.c.i.embedder.EclipseLogger - skip non existing resourceDirectory /Users/memory/Documents/GitHub/E-commerce-USER/userService/src/main/resources
2020-11-19 10:36:40,337 [Worker-12: Building] INFO  o.e.m.c.i.embedder.EclipseLogger - Using 'UTF-8' encoding to copy filtered resources.
2020-11-19 10:36:40,337 [Worker-12: Building] INFO  o.e.m.c.i.embedder.EclipseLogger - skip non existing resourceDirectory /Users/memory/Documents/GitHub/E-commerce-USER/userService/src/test/resources
2020-11-19 10:36:41,644 [Worker-13: Building] INFO  o.e.m.c.i.embedder.EclipseLogger - Using 'UTF-8' encoding to copy filtered resources.
2020-11-19 10:36:41,644 [Worker-13: Building] INFO  o.e.m.c.i.embedder.EclipseLogger - skip non existing resourceDirectory /Users/memory/Documents/GitHub/E-commerce-USER/userService/src/main/resources
2020-11-19 10:36:41,644 [Worker-13: Building] INFO  o.e.m.c.i.embedder.EclipseLogger - skip non existing resourceDirectory /Users/memory/Documents/GitHub/E-commerce-USER/userService/src/main/resources
2020-11-19 10:36:41,646 [Worker-13: Building] INFO  o.e.m.c.i.embedder.EclipseLogger - Using 'UTF-8' encoding to copy filtered resources.
2020-11-19 10:36:41,646 [Worker-13: Building] INFO  o.e.m.c.i.embedder.EclipseLogger - skip non existing resourceDirectory /Users/memory/Documents/GitHub/E-commerce-USER/userService/src/test/resources
2020-11-19 10:37:09,687 [Worker-13: Building] INFO  o.e.m.c.i.embedder.EclipseLogger - Using 'UTF-8' encoding to copy filtered resources.
2020-11-19 10:37:09,687 [Worker-13: Building] INFO  o.e.m.c.i.embedder.EclipseLogger - skip non existing resourceDirectory /Users/memory/Documents/GitHub/E-commerce-USER/userService/src/main/resources
2020-11-19 10:37:09,687 [Worker-13: Building] INFO  o.e.m.c.i.embedder.EclipseLogger - skip non existing resourceDirectory /Users/memory/Documents/GitHub/E-commerce-USER/userService/src/main/resources
2020-11-19 10:37:09,689 [Worker-13: Building] INFO  o.e.m.c.i.embedder.EclipseLogger - Using 'UTF-8' encoding to copy filtered resources.
2020-11-19 10:37:09,689 [Worker-13: Building] INFO  o.e.m.c.i.embedder.EclipseLogger - skip non existing resourceDirectory /Users/memory/Documents/GitHub/E-commerce-USER/userService/src/test/resources
2020-11-19 10:37:53,587 [Worker-13: Building] INFO  o.e.m.c.i.l.LifecycleMappingFactory - Using org.eclipse.m2e.jdt.JarLifecycleMapping lifecycle mapping for MavenProject: userServise:userService:0.0.1-SNAPSHOT @ /Users/memory/Documents/GitHub/E-commerce-USER/userService/pom.xml.
2020-11-19 10:37:53,763 [Worker-13: Building] INFO  o.e.m.c.i.embedder.EclipseLogger - Using 'UTF-8' encoding to copy filtered resources.
2020-11-19 10:37:53,763 [Worker-13: Building] INFO  o.e.m.c.i.embedder.EclipseLogger - skip non existing resourceDirectory /Users/memory/Documents/GitHub/E-commerce-USER/userService/src/main/resources
2020-11-19 10:37:53,763 [Worker-13: Building] INFO  o.e.m.c.i.embedder.EclipseLogger - skip non existing resourceDirectory /Users/memory/Documents/GitHub/E-commerce-USER/userService/src/main/resources
2020-11-19 10:37:53,766 [Worker-13: Building] INFO  o.e.m.c.i.embedder.EclipseLogger - Using 'UTF-8' encoding to copy filtered resources.
2020-11-19 10:37:53,766 [Worker-13: Building] INFO  o.e.m.c.i.embedder.EclipseLogger - skip non existing resourceDirectory /Users/memory/Documents/GitHub/E-commerce-USER/userService/src/test/resources
2020-11-19 10:45:28,577 [Worker-11: Building] INFO  o.e.m.c.i.embedder.EclipseLogger - Using 'UTF-8' encoding to copy filtered resources.
2020-11-19 10:45:28,579 [Worker-11: Building] INFO  o.e.m.c.i.embedder.EclipseLogger - skip non existing resourceDirectory /Users/memory/Documents/GitHub/E-commerce-USER/userService/src/main/resources
2020-11-19 10:45:28,579 [Worker-11: Building] INFO  o.e.m.c.i.embedder.EclipseLogger - skip non existing resourceDirectory /Users/memory/Documents/GitHub/E-commerce-USER/userService/src/main/resources
2020-11-19 10:45:28,581 [Worker-11: Building] INFO  o.e.m.c.i.embedder.EclipseLogger - Using 'UTF-8' encoding to copy filtered resources.
2020-11-19 10:45:28,582 [Worker-11: Building] INFO  o.e.m.c.i.embedder.EclipseLogger - skip non existing resourceDirectory /Users/memory/Documents/GitHub/E-commerce-USER/userService/src/test/resources
2020-11-19 10:46:52,054 [Worker-11: Building] INFO  o.e.m.c.i.embedder.EclipseLogger - Using 'UTF-8' encoding to copy filtered resources.
2020-11-19 10:46:52,055 [Worker-11: Building] INFO  o.e.m.c.i.embedder.EclipseLogger - skip non existing resourceDirectory /Users/memory/Documents/GitHub/E-commerce-USER/userService/src/main/resources
2020-11-19 10:46:52,055 [Worker-11: Building] INFO  o.e.m.c.i.embedder.EclipseLogger - skip non existing resourceDirectory /Users/memory/Documents/GitHub/E-commerce-USER/userService/src/main/resources
2020-11-19 10:46:52,057 [Worker-11: Building] INFO  o.e.m.c.i.embedder.EclipseLogger - Using 'UTF-8' encoding to copy filtered resources.
2020-11-19 10:46:52,057 [Worker-11: Building] INFO  o.e.m.c.i.embedder.EclipseLogger - skip non existing resourceDirectory /Users/memory/Documents/GitHub/E-commerce-USER/userService/src/test/resources
2020-11-19 10:47:18,131 [Worker-11: Building] INFO  o.e.m.c.i.embedder.EclipseLogger - Using 'UTF-8' encoding to copy filtered resources.
2020-11-19 10:47:18,132 [Worker-11: Building] INFO  o.e.m.c.i.embedder.EclipseLogger - skip non existing resourceDirectory /Users/memory/Documents/GitHub/E-commerce-USER/userService/src/main/resources
2020-11-19 10:47:18,132 [Worker-11: Building] INFO  o.e.m.c.i.embedder.EclipseLogger - skip non existing resourceDirectory /Users/memory/Documents/GitHub/E-commerce-USER/userService/src/main/resources
2020-11-19 10:47:18,134 [Worker-11: Building] INFO  o.e.m.c.i.embedder.EclipseLogger - Using 'UTF-8' encoding to copy filtered resources.
2020-11-19 10:47:18,134 [Worker-11: Building] INFO  o.e.m.c.i.embedder.EclipseLogger - skip non existing resourceDirectory /Users/memory/Documents/GitHub/E-commerce-USER/userService/src/test/resources
2020-11-19 10:57:15,241 [Worker-25: Building] INFO  o.e.m.c.i.embedder.EclipseLogger - Using 'UTF-8' encoding to copy filtered resources.
2020-11-19 10:57:15,242 [Worker-25: Building] INFO  o.e.m.c.i.embedder.EclipseLogger - skip non existing resourceDirectory /Users/memory/Documents/GitHub/E-commerce-USER/userService/src/main/resources
2020-11-19 10:57:15,243 [Worker-25: Building] INFO  o.e.m.c.i.embedder.EclipseLogger - skip non existing resourceDirectory /Users/memory/Documents/GitHub/E-commerce-USER/userService/src/main/resources
2020-11-19 10:57:15,244 [Worker-25: Building] INFO  o.e.m.c.i.embedder.EclipseLogger - Using 'UTF-8' encoding to copy filtered resources.
2020-11-19 10:57:15,244 [Worker-25: Building] INFO  o.e.m.c.i.embedder.EclipseLogger - skip non existing resourceDirectory /Users/memory/Documents/GitHub/E-commerce-USER/userService/src/test/resources
2020-11-19 10:57:20,715 [Worker-23: Building] INFO  o.e.m.c.i.embedder.EclipseLogger - Using 'UTF-8' encoding to copy filtered resources.
2020-11-19 10:57:20,715 [Worker-23: Building] INFO  o.e.m.c.i.embedder.EclipseLogger - skip non existing resourceDirectory /Users/memory/Documents/GitHub/E-commerce-USER/userService/src/main/resources
2020-11-19 10:57:20,715 [Worker-23: Building] INFO  o.e.m.c.i.embedder.EclipseLogger - skip non existing resourceDirectory /Users/memory/Documents/GitHub/E-commerce-USER/userService/src/main/resources
2020-11-19 10:57:20,717 [Worker-23: Building] INFO  o.e.m.c.i.embedder.EclipseLogger - Using 'UTF-8' encoding to copy filtered resources.
2020-11-19 10:57:20,717 [Worker-23: Building] INFO  o.e.m.c.i.embedder.EclipseLogger - skip non existing resourceDirectory /Users/memory/Documents/GitHub/E-commerce-USER/userService/src/test/resources
2020-11-19 11:03:00,257 [Worker-26: Building] INFO  o.e.m.c.i.embedder.EclipseLogger - Using 'UTF-8' encoding to copy filtered resources.
2020-11-19 11:03:00,259 [Worker-26: Building] INFO  o.e.m.c.i.embedder.EclipseLogger - skip non existing resourceDirectory /Users/memory/Documents/GitHub/E-commerce-USER/userService/src/main/resources
2020-11-19 11:03:00,259 [Worker-26: Building] INFO  o.e.m.c.i.embedder.EclipseLogger - skip non existing resourceDirectory /Users/memory/Documents/GitHub/E-commerce-USER/userService/src/main/resources
2020-11-19 11:03:00,261 [Worker-26: Building] INFO  o.e.m.c.i.embedder.EclipseLogger - Using 'UTF-8' encoding to copy filtered resources.
2020-11-19 11:03:00,261 [Worker-26: Building] INFO  o.e.m.c.i.embedder.EclipseLogger - skip non existing resourceDirectory /Users/memory/Documents/GitHub/E-commerce-USER/userService/src/test/resources
2020-11-19 11:03:22,570 [Worker-27: Building] INFO  o.e.m.c.i.embedder.EclipseLogger - Using 'UTF-8' encoding to copy filtered resources.
2020-11-19 11:03:22,570 [Worker-27: Building] INFO  o.e.m.c.i.embedder.EclipseLogger - skip non existing resourceDirectory /Users/memory/Documents/GitHub/E-commerce-USER/userService/src/main/resources
2020-11-19 11:03:22,570 [Worker-27: Building] INFO  o.e.m.c.i.embedder.EclipseLogger - skip non existing resourceDirectory /Users/memory/Documents/GitHub/E-commerce-USER/userService/src/main/resources
2020-11-19 11:03:22,574 [Worker-27: Building] INFO  o.e.m.c.i.embedder.EclipseLogger - Using 'UTF-8' encoding to copy filtered resources.
2020-11-19 11:03:22,574 [Worker-27: Building] INFO  o.e.m.c.i.embedder.EclipseLogger - skip non existing resourceDirectory /Users/memory/Documents/GitHub/E-commerce-USER/userService/src/test/resources
2020-11-19 11:08:50,234 [Worker-28: Building] INFO  o.e.m.c.i.embedder.EclipseLogger - Using 'UTF-8' encoding to copy filtered resources.
2020-11-19 11:08:50,235 [Worker-28: Building] INFO  o.e.m.c.i.embedder.EclipseLogger - skip non existing resourceDirectory /Users/memory/Documents/GitHub/E-commerce-USER/userService/src/main/resources
2020-11-19 11:08:50,235 [Worker-28: Building] INFO  o.e.m.c.i.embedder.EclipseLogger - skip non existing resourceDirectory /Users/memory/Documents/GitHub/E-commerce-USER/userService/src/main/resources
2020-11-19 11:08:50,237 [Worker-28: Building] INFO  o.e.m.c.i.embedder.EclipseLogger - Using 'UTF-8' encoding to copy filtered resources.
2020-11-19 11:08:50,238 [Worker-28: Building] INFO  o.e.m.c.i.embedder.EclipseLogger - skip non existing resourceDirectory /Users/memory/Documents/GitHub/E-commerce-USER/userService/src/test/resources
2020-11-19 11:12:12,878 [Worker-23: Building] INFO  o.e.m.c.i.embedder.EclipseLogger - Using 'UTF-8' encoding to copy filtered resources.
2020-11-19 11:12:12,878 [Worker-23: Building] INFO  o.e.m.c.i.embedder.EclipseLogger - skip non existing resourceDirectory /Users/memory/Documents/GitHub/E-commerce-USER/userService/src/main/resources
2020-11-19 11:12:12,879 [Worker-23: Building] INFO  o.e.m.c.i.embedder.EclipseLogger - skip non existing resourceDirectory /Users/memory/Documents/GitHub/E-commerce-USER/userService/src/main/resources
2020-11-19 11:12:12,881 [Worker-23: Building] INFO  o.e.m.c.i.embedder.EclipseLogger - Using 'UTF-8' encoding to copy filtered resources.
2020-11-19 11:12:12,881 [Worker-23: Building] INFO  o.e.m.c.i.embedder.EclipseLogger - skip non existing resourceDirectory /Users/memory/Documents/GitHub/E-commerce-USER/userService/src/test/resources
2020-11-19 11:12:36,527 [Worker-28: Building] INFO  o.e.m.c.i.embedder.EclipseLogger - Using 'UTF-8' encoding to copy filtered resources.
2020-11-19 11:12:36,528 [Worker-28: Building] INFO  o.e.m.c.i.embedder.EclipseLogger - skip non existing resourceDirectory /Users/memory/Documents/GitHub/E-commerce-USER/userService/src/main/resources
2020-11-19 11:12:36,528 [Worker-28: Building] INFO  o.e.m.c.i.embedder.EclipseLogger - skip non existing resourceDirectory /Users/memory/Documents/GitHub/E-commerce-USER/userService/src/main/resources
2020-11-19 11:12:36,529 [Worker-28: Building] INFO  o.e.m.c.i.embedder.EclipseLogger - Using 'UTF-8' encoding to copy filtered resources.
2020-11-19 11:12:36,530 [Worker-28: Building] INFO  o.e.m.c.i.embedder.EclipseLogger - skip non existing resourceDirectory /Users/memory/Documents/GitHub/E-commerce-USER/userService/src/test/resources
2020-11-19 11:13:14,421 [Worker-29: Building] INFO  o.e.m.c.i.embedder.EclipseLogger - Using 'UTF-8' encoding to copy filtered resources.
2020-11-19 11:13:14,421 [Worker-29: Building] INFO  o.e.m.c.i.embedder.EclipseLogger - skip non existing resourceDirectory /Users/memory/Documents/GitHub/E-commerce-USER/userService/src/main/resources
2020-11-19 11:13:14,421 [Worker-29: Building] INFO  o.e.m.c.i.embedder.EclipseLogger - skip non existing resourceDirectory /Users/memory/Documents/GitHub/E-commerce-USER/userService/src/main/resources
2020-11-19 11:13:14,423 [Worker-29: Building] INFO  o.e.m.c.i.embedder.EclipseLogger - Using 'UTF-8' encoding to copy filtered resources.
2020-11-19 11:13:14,423 [Worker-29: Building] INFO  o.e.m.c.i.embedder.EclipseLogger - skip non existing resourceDirectory /Users/memory/Documents/GitHub/E-commerce-USER/userService/src/test/resources
2020-11-19 11:14:01,759 [Worker-28: Building] INFO  o.e.m.c.i.embedder.EclipseLogger - Using 'UTF-8' encoding to copy filtered resources.
2020-11-19 11:14:01,759 [Worker-28: Building] INFO  o.e.m.c.i.embedder.EclipseLogger - skip non existing resourceDirectory /Users/memory/Documents/GitHub/E-commerce-USER/userService/src/main/resources
2020-11-19 11:14:01,759 [Worker-28: Building] INFO  o.e.m.c.i.embedder.EclipseLogger - skip non existing resourceDirectory /Users/memory/Documents/GitHub/E-commerce-USER/userService/src/main/resources
2020-11-19 11:14:01,760 [Worker-28: Building] INFO  o.e.m.c.i.embedder.EclipseLogger - Using 'UTF-8' encoding to copy filtered resources.
2020-11-19 11:14:01,761 [Worker-28: Building] INFO  o.e.m.c.i.embedder.EclipseLogger - skip non existing resourceDirectory /Users/memory/Documents/GitHub/E-commerce-USER/userService/src/test/resources
2020-11-19 11:14:11,284 [Worker-30: Building] INFO  o.e.m.c.i.embedder.EclipseLogger - Using 'UTF-8' encoding to copy filtered resources.
2020-11-19 11:14:11,285 [Worker-30: Building] INFO  o.e.m.c.i.embedder.EclipseLogger - skip non existing resourceDirectory /Users/memory/Documents/GitHub/E-commerce-USER/userService/src/main/resources
2020-11-19 11:14:11,285 [Worker-30: Building] INFO  o.e.m.c.i.embedder.EclipseLogger - skip non existing resourceDirectory /Users/memory/Documents/GitHub/E-commerce-USER/userService/src/main/resources
2020-11-19 11:14:11,286 [Worker-30: Building] INFO  o.e.m.c.i.embedder.EclipseLogger - Using 'UTF-8' encoding to copy filtered resources.
2020-11-19 11:14:11,286 [Worker-30: Building] INFO  o.e.m.c.i.embedder.EclipseLogger - skip non existing resourceDirectory /Users/memory/Documents/GitHub/E-commerce-USER/userService/src/test/resources
2020-11-19 11:14:27,342 [Worker-28: Building] INFO  o.e.m.c.i.embedder.EclipseLogger - Using 'UTF-8' encoding to copy filtered resources.
2020-11-19 11:14:27,342 [Worker-28: Building] INFO  o.e.m.c.i.embedder.EclipseLogger - skip non existing resourceDirectory /Users/memory/Documents/GitHub/E-commerce-USER/userService/src/main/resources
2020-11-19 11:14:27,342 [Worker-28: Building] INFO  o.e.m.c.i.embedder.EclipseLogger - skip non existing resourceDirectory /Users/memory/Documents/GitHub/E-commerce-USER/userService/src/main/resources
2020-11-19 11:14:27,343 [Worker-28: Building] INFO  o.e.m.c.i.embedder.EclipseLogger - Using 'UTF-8' encoding to copy filtered resources.
2020-11-19 11:14:27,343 [Worker-28: Building] INFO  o.e.m.c.i.embedder.EclipseLogger - skip non existing resourceDirectory /Users/memory/Documents/GitHub/E-commerce-USER/userService/src/test/resources
2020-11-19 11:17:45,503 [Worker-23: Building] INFO  o.e.m.c.i.embedder.EclipseLogger - Using 'UTF-8' encoding to copy filtered resources.
2020-11-19 11:17:45,504 [Worker-23: Building] INFO  o.e.m.c.i.embedder.EclipseLogger - skip non existing resourceDirectory /Users/memory/Documents/GitHub/E-commerce-USER/userService/src/main/resources
2020-11-19 11:17:45,504 [Worker-23: Building] INFO  o.e.m.c.i.embedder.EclipseLogger - skip non existing resourceDirectory /Users/memory/Documents/GitHub/E-commerce-USER/userService/src/main/resources
2020-11-19 11:17:45,506 [Worker-23: Building] INFO  o.e.m.c.i.embedder.EclipseLogger - Using 'UTF-8' encoding to copy filtered resources.
2020-11-19 11:17:45,506 [Worker-23: Building] INFO  o.e.m.c.i.embedder.EclipseLogger - skip non existing resourceDirectory /Users/memory/Documents/GitHub/E-commerce-USER/userService/src/test/resources
2020-11-19 11:26:05,181 [Worker-38: Building] INFO  o.e.m.c.i.embedder.EclipseLogger - Using 'UTF-8' encoding to copy filtered resources.
2020-11-19 11:26:05,181 [Worker-38: Building] INFO  o.e.m.c.i.embedder.EclipseLogger - skip non existing resourceDirectory /Users/memory/Documents/GitHub/E-commerce-USER/userService/src/main/resources
2020-11-19 11:26:05,181 [Worker-38: Building] INFO  o.e.m.c.i.embedder.EclipseLogger - skip non existing resourceDirectory /Users/memory/Documents/GitHub/E-commerce-USER/userService/src/main/resources
2020-11-19 11:26:05,183 [Worker-38: Building] INFO  o.e.m.c.i.embedder.EclipseLogger - Using 'UTF-8' encoding to copy filtered resources.
2020-11-19 11:26:05,183 [Worker-38: Building] INFO  o.e.m.c.i.embedder.EclipseLogger - skip non existing resourceDirectory /Users/memory/Documents/GitHub/E-commerce-USER/userService/src/test/resources
2020-11-19 11:26:42,944 [Worker-37: Building] INFO  o.e.m.c.i.embedder.EclipseLogger - Using 'UTF-8' encoding to copy filtered resources.
2020-11-19 11:26:42,945 [Worker-37: Building] INFO  o.e.m.c.i.embedder.EclipseLogger - skip non existing resourceDirectory /Users/memory/Documents/GitHub/E-commerce-USER/userService/src/main/resources
2020-11-19 11:26:42,945 [Worker-37: Building] INFO  o.e.m.c.i.embedder.EclipseLogger - skip non existing resourceDirectory /Users/memory/Documents/GitHub/E-commerce-USER/userService/src/main/resources
2020-11-19 11:26:42,948 [Worker-37: Building] INFO  o.e.m.c.i.embedder.EclipseLogger - Using 'UTF-8' encoding to copy filtered resources.
2020-11-19 11:26:42,948 [Worker-37: Building] INFO  o.e.m.c.i.embedder.EclipseLogger - skip non existing resourceDirectory /Users/memory/Documents/GitHub/E-commerce-USER/userService/src/test/resources
2020-11-19 11:43:19,531 [Worker-45: Building] INFO  o.e.m.c.i.embedder.EclipseLogger - Using 'UTF-8' encoding to copy filtered resources.
2020-11-19 11:43:19,532 [Worker-45: Building] INFO  o.e.m.c.i.embedder.EclipseLogger - skip non existing resourceDirectory /Users/memory/Documents/GitHub/E-commerce-USER/userService/src/main/resources
2020-11-19 11:43:19,532 [Worker-45: Building] INFO  o.e.m.c.i.embedder.EclipseLogger - skip non existing resourceDirectory /Users/memory/Documents/GitHub/E-commerce-USER/userService/src/main/resources
2020-11-19 11:43:19,533 [Worker-45: Building] INFO  o.e.m.c.i.embedder.EclipseLogger - Using 'UTF-8' encoding to copy filtered resources.
2020-11-19 11:43:19,533 [Worker-45: Building] INFO  o.e.m.c.i.embedder.EclipseLogger - skip non existing resourceDirectory /Users/memory/Documents/GitHub/E-commerce-USER/userService/src/test/resources
2020-11-19 11:44:53,810 [Worker-33: Building] INFO  o.e.m.c.i.embedder.EclipseLogger - Using 'UTF-8' encoding to copy filtered resources.
2020-11-19 11:44:53,810 [Worker-33: Building] INFO  o.e.m.c.i.embedder.EclipseLogger - skip non existing resourceDirectory /Users/memory/Documents/GitHub/E-commerce-USER/userService/src/main/resources
2020-11-19 11:44:53,810 [Worker-33: Building] INFO  o.e.m.c.i.embedder.EclipseLogger - skip non existing resourceDirectory /Users/memory/Documents/GitHub/E-commerce-USER/userService/src/main/resources
2020-11-19 11:44:53,811 [Worker-33: Building] INFO  o.e.m.c.i.embedder.EclipseLogger - Using 'UTF-8' encoding to copy filtered resources.
2020-11-19 11:44:53,811 [Worker-33: Building] INFO  o.e.m.c.i.embedder.EclipseLogger - skip non existing resourceDirectory /Users/memory/Documents/GitHub/E-commerce-USER/userService/src/test/resources
2020-11-19 11:52:55,198 [Worker-47: Building] INFO  o.e.m.c.i.embedder.EclipseLogger - Using 'UTF-8' encoding to copy filtered resources.
2020-11-19 11:52:55,199 [Worker-47: Building] INFO  o.e.m.c.i.embedder.EclipseLogger - skip non existing resourceDirectory /Users/memory/Documents/GitHub/E-commerce-USER/userService/src/main/resources
2020-11-19 11:52:55,199 [Worker-47: Building] INFO  o.e.m.c.i.embedder.EclipseLogger - skip non existing resourceDirectory /Users/memory/Documents/GitHub/E-commerce-USER/userService/src/main/resources
2020-11-19 11:52:55,202 [Worker-47: Building] INFO  o.e.m.c.i.embedder.EclipseLogger - Using 'UTF-8' encoding to copy filtered resources.
2020-11-19 11:52:55,202 [Worker-47: Building] INFO  o.e.m.c.i.embedder.EclipseLogger - skip non existing resourceDirectory /Users/memory/Documents/GitHub/E-commerce-USER/userService/src/test/resources
2020-11-19 11:57:37,045 [Worker-53: Building] INFO  o.e.m.c.i.embedder.EclipseLogger - Using 'UTF-8' encoding to copy filtered resources.
2020-11-19 11:57:37,046 [Worker-53: Building] INFO  o.e.m.c.i.embedder.EclipseLogger - skip non existing resourceDirectory /Users/memory/Documents/GitHub/E-commerce-USER/userService/src/main/resources
2020-11-19 11:57:37,046 [Worker-53: Building] INFO  o.e.m.c.i.embedder.EclipseLogger - skip non existing resourceDirectory /Users/memory/Documents/GitHub/E-commerce-USER/userService/src/main/resources
2020-11-19 11:57:37,048 [Worker-53: Building] INFO  o.e.m.c.i.embedder.EclipseLogger - Using 'UTF-8' encoding to copy filtered resources.
2020-11-19 11:57:37,048 [Worker-53: Building] INFO  o.e.m.c.i.embedder.EclipseLogger - skip non existing resourceDirectory /Users/memory/Documents/GitHub/E-commerce-USER/userService/src/test/resources
2020-11-19 12:09:24,935 [Worker-60: Building] INFO  o.e.m.c.i.embedder.EclipseLogger - Using 'UTF-8' encoding to copy filtered resources.
2020-11-19 12:09:24,936 [Worker-60: Building] INFO  o.e.m.c.i.embedder.EclipseLogger - skip non existing resourceDirectory /Users/memory/Documents/GitHub/E-commerce-USER/userService/src/main/resources
2020-11-19 12:09:24,936 [Worker-60: Building] INFO  o.e.m.c.i.embedder.EclipseLogger - skip non existing resourceDirectory /Users/memory/Documents/GitHub/E-commerce-USER/userService/src/main/resources
2020-11-19 12:09:24,937 [Worker-60: Building] INFO  o.e.m.c.i.embedder.EclipseLogger - Using 'UTF-8' encoding to copy filtered resources.
2020-11-19 12:09:24,937 [Worker-60: Building] INFO  o.e.m.c.i.embedder.EclipseLogger - skip non existing resourceDirectory /Users/memory/Documents/GitHub/E-commerce-USER/userService/src/test/resources
2020-11-19 12:12:07,135 [Worker-56: Building] INFO  o.e.m.c.i.embedder.EclipseLogger - Using 'UTF-8' encoding to copy filtered resources.
2020-11-19 12:12:07,135 [Worker-56: Building] INFO  o.e.m.c.i.embedder.EclipseLogger - skip non existing resourceDirectory /Users/memory/Documents/GitHub/E-commerce-USER/userService/src/main/resources
2020-11-19 12:12:07,135 [Worker-56: Building] INFO  o.e.m.c.i.embedder.EclipseLogger - skip non existing resourceDirectory /Users/memory/Documents/GitHub/E-commerce-USER/userService/src/main/resources
2020-11-19 12:12:07,137 [Worker-56: Building] INFO  o.e.m.c.i.embedder.EclipseLogger - Using 'UTF-8' encoding to copy filtered resources.
2020-11-19 12:12:07,137 [Worker-56: Building] INFO  o.e.m.c.i.embedder.EclipseLogger - skip non existing resourceDirectory /Users/memory/Documents/GitHub/E-commerce-USER/userService/src/test/resources
2020-11-19 12:12:26,676 [Worker-64: Building] INFO  o.e.m.c.i.embedder.EclipseLogger - Using 'UTF-8' encoding to copy filtered resources.
2020-11-19 12:12:26,677 [Worker-64: Building] INFO  o.e.m.c.i.embedder.EclipseLogger - skip non existing resourceDirectory /Users/memory/Documents/GitHub/E-commerce-USER/userService/src/main/resources
2020-11-19 12:12:26,677 [Worker-64: Building] INFO  o.e.m.c.i.embedder.EclipseLogger - skip non existing resourceDirectory /Users/memory/Documents/GitHub/E-commerce-USER/userService/src/main/resources
2020-11-19 12:12:26,678 [Worker-64: Building] INFO  o.e.m.c.i.embedder.EclipseLogger - Using 'UTF-8' encoding to copy filtered resources.
2020-11-19 12:12:26,678 [Worker-64: Building] INFO  o.e.m.c.i.embedder.EclipseLogger - skip non existing resourceDirectory /Users/memory/Documents/GitHub/E-commerce-USER/userService/src/test/resources
2020-11-19 12:13:29,462 [Worker-32: Building] INFO  o.e.m.c.i.embedder.EclipseLogger - Using 'UTF-8' encoding to copy filtered resources.
2020-11-19 12:13:29,463 [Worker-32: Building] INFO  o.e.m.c.i.embedder.EclipseLogger - skip non existing resourceDirectory /Users/memory/Documents/GitHub/E-commerce-USER/userService/src/main/resources
2020-11-19 12:13:29,463 [Worker-32: Building] INFO  o.e.m.c.i.embedder.EclipseLogger - skip non existing resourceDirectory /Users/memory/Documents/GitHub/E-commerce-USER/userService/src/main/resources
2020-11-19 12:13:29,464 [Worker-32: Building] INFO  o.e.m.c.i.embedder.EclipseLogger - Using 'UTF-8' encoding to copy filtered resources.
2020-11-19 12:13:29,464 [Worker-32: Building] INFO  o.e.m.c.i.embedder.EclipseLogger - skip non existing resourceDirectory /Users/memory/Documents/GitHub/E-commerce-USER/userService/src/test/resources
2020-11-19 12:16:01,483 [Worker-61: Building] INFO  o.e.m.c.i.l.LifecycleMappingFactory - Using org.eclipse.m2e.jdt.JarLifecycleMapping lifecycle mapping for MavenProject: Maven.SpringBoot.demo:SpringBootCarPool:0.0.1-SNAPSHOT @ /Users/memory/Documents/workspace/SpringBootCarPool/pom.xml.
2020-11-19 12:16:01,688 [Worker-61: Building] INFO  o.e.m.c.i.embedder.EclipseLogger - Using 'UTF-8' encoding to copy filtered resources.
2020-11-19 12:16:01,688 [Worker-61: Building] INFO  o.e.m.c.i.embedder.EclipseLogger - skip non existing resourceDirectory /Users/memory/Documents/workspace/SpringBootCarPool/src/main/resources
2020-11-19 12:16:01,689 [Worker-61: Building] INFO  o.e.m.c.i.embedder.EclipseLogger - Using 'UTF-8' encoding to copy filtered resources.
2020-11-19 12:16:01,689 [Worker-61: Building] INFO  o.e.m.c.i.embedder.EclipseLogger - skip non existing resourceDirectory /Users/memory/Documents/workspace/SpringBootCarPool/src/test/resources
2020-11-19 12:16:02,002 [Worker-64: Building] INFO  o.e.m.c.i.embedder.EclipseLogger - Using 'UTF-8' encoding to copy filtered resources.
2020-11-19 12:16:02,002 [Worker-64: Building] INFO  o.e.m.c.i.embedder.EclipseLogger - skip non existing resourceDirectory /Users/memory/Documents/workspace/SpringBootCarPool/src/main/resources
2020-11-19 12:16:02,003 [Worker-64: Building] INFO  o.e.m.c.i.embedder.EclipseLogger - Using 'UTF-8' encoding to copy filtered resources.
2020-11-19 12:16:02,003 [Worker-64: Building] INFO  o.e.m.c.i.embedder.EclipseLogger - skip non existing resourceDirectory /Users/memory/Documents/workspace/SpringBootCarPool/src/test/resources
2020-11-19 12:16:02,318 [Worker-67: Updating Maven Dependencies] INFO  o.e.m.c.i.l.LifecycleMappingFactory - Using org.eclipse.m2e.jdt.JarLifecycleMapping lifecycle mapping for MavenProject: Maven.SpringBoot.demo:SpringBootCarPool:0.0.1-SNAPSHOT @ /Users/memory/Documents/workspace/SpringBootCarPool/pom.xml.
2020-11-19 12:16:03,058 [Worker-65: Building] INFO  o.e.m.c.i.embedder.EclipseLogger - Using 'UTF-8' encoding to copy filtered resources.
2020-11-19 12:16:03,059 [Worker-65: Building] INFO  o.e.m.c.i.embedder.EclipseLogger - skip non existing resourceDirectory /Users/memory/Documents/workspace/SpringBootCarPool/src/main/resources
2020-11-19 12:16:03,059 [Worker-65: Building] INFO  o.e.m.c.i.embedder.EclipseLogger - Using 'UTF-8' encoding to copy filtered resources.
2020-11-19 12:16:03,059 [Worker-65: Building] INFO  o.e.m.c.i.embedder.EclipseLogger - skip non existing resourceDirectory /Users/memory/Documents/workspace/SpringBootCarPool/src/test/resources
2020-11-19 12:20:11,401 [Worker-70: Building] INFO  o.e.m.c.i.embedder.EclipseLogger - Using 'UTF-8' encoding to copy filtered resources.
2020-11-19 12:20:11,401 [Worker-70: Building] INFO  o.e.m.c.i.embedder.EclipseLogger - skip non existing resourceDirectory /Users/memory/Documents/GitHub/E-commerce-USER/userService/src/main/resources
2020-11-19 12:20:11,401 [Worker-70: Building] INFO  o.e.m.c.i.embedder.EclipseLogger - skip non existing resourceDirectory /Users/memory/Documents/GitHub/E-commerce-USER/userService/src/main/resources
2020-11-19 12:20:11,403 [Worker-70: Building] INFO  o.e.m.c.i.embedder.EclipseLogger - Using 'UTF-8' encoding to copy filtered resources.
2020-11-19 12:20:11,403 [Worker-70: Building] INFO  o.e.m.c.i.embedder.EclipseLogger - skip non existing resourceDirectory /Users/memory/Documents/GitHub/E-commerce-USER/userService/src/test/resources
2020-11-19 12:21:42,361 [Worker-65: Building] INFO  o.e.m.c.i.embedder.EclipseLogger - Using 'UTF-8' encoding to copy filtered resources.
2020-11-19 12:21:42,361 [Worker-65: Building] INFO  o.e.m.c.i.embedder.EclipseLogger - skip non existing resourceDirectory /Users/memory/Documents/GitHub/E-commerce-USER/userService/src/main/resources
2020-11-19 12:21:42,361 [Worker-65: Building] INFO  o.e.m.c.i.embedder.EclipseLogger - skip non existing resourceDirectory /Users/memory/Documents/GitHub/E-commerce-USER/userService/src/main/resources
2020-11-19 12:21:42,362 [Worker-65: Building] INFO  o.e.m.c.i.embedder.EclipseLogger - Using 'UTF-8' encoding to copy filtered resources.
2020-11-19 12:21:42,362 [Worker-65: Building] INFO  o.e.m.c.i.embedder.EclipseLogger - skip non existing resourceDirectory /Users/memory/Documents/GitHub/E-commerce-USER/userService/src/test/resources
